Microsoft HTML Help Compiler 4.74.8702

Compiling c:\Users\patuljko\Desktop\help\Help.chm


Compile time: 0 minutes, 1 second
9	Topics
9	Local links
0	Internet links
0	Graphics


Created c:\Users\patuljko\Desktop\help\Help.chm, 12,581 bytes
Compression increased file by 3,720 bytes.
HHC5010: Error: Cannot open "c:\Users\patuljko\Desktop\help\Help.chm". Compilation stopped.
HHC5010: Error: Cannot open "c:\Users\patuljko\Desktop\help\Help.chm". Compilation stopped.
HHC5010: Error: Cannot open "c:\Users\patuljko\Desktop\help\Help.chm". Compilation stopped.
Microsoft HTML Help Compiler 4.74.8702

Compiling c:\Users\patuljko\Desktop\help\Help.chm


Compile time: 0 minutes, 0 seconds
9	Topics
9	Local links
0	Internet links
0	Graphics


Created c:\Users\patuljko\Desktop\help\Help.chm, 12,569 bytes
Compression increased file by 3,654 bytes.
Microsoft HTML Help Compiler 4.74.8702

Compiling c:\Users\patuljko\Desktop\help\Help.chm


Compile time: 0 minutes, 0 seconds
9	Topics
9	Local links
0	Internet links
0	Graphics


Created c:\Users\patuljko\Desktop\help\Help.chm, 12,565 bytes
Compression increased file by 3,650 bytes.
Microsoft HTML Help Compiler 4.74.8702

Compiling c:\Users\patuljko\Desktop\help\Help.chm


Compile time: 0 minutes, 1 second
9	Topics
10	Local links
0	Internet links
0	Graphics


Created c:\Users\patuljko\Desktop\help\Help.chm, 12,587 bytes
Compression increased file by 3,648 bytes.
Microsoft HTML Help Compiler 4.74.8702

Compiling c:\Users\patuljko\Desktop\help\Help.chm


Compile time: 0 minutes, 1 second
9	Topics
12	Local links
0	Internet links
0	Graphics


Created c:\Users\patuljko\Desktop\help\Help.chm, 12,597 bytes
Compression increased file by 3,601 bytes.
